0 info it worked if it ends with ok
1 verbose cli [ 'C:\\Program Files\\nodejs\\node.exe',
1 verbose cli   'C:\\Users\\emckenzie\\AppData\\Roaming\\npm\\node_modules\\npm\\bin\\npm-cli.js',
1 verbose cli   'run',
1 verbose cli   'bot' ]
2 info using npm@4.1.2
3 info using node@v7.5.0
4 verbose run-script [ 'prebot', 'bot', 'postbot' ]
5 info lifecycle discord-guildrank-bot@0.0.1~prebot: discord-guildrank-bot@0.0.1
6 silly lifecycle discord-guildrank-bot@0.0.1~prebot: no script for prebot, continuing
7 info lifecycle discord-guildrank-bot@0.0.1~bot: discord-guildrank-bot@0.0.1
8 verbose lifecycle discord-guildrank-bot@0.0.1~bot: unsafe-perm in lifecycle true
9 verbose lifecycle discord-guildrank-bot@0.0.1~bot: PATH: C:\Users\emckenzie\AppData\Roaming\npm\node_modules\npm\bin\node-gyp-bin;C:\Users\emckenzie\Documents\DiscordBotCustom\node_modules\.bin;C:\Program Files\Java\jdk1.8.0_101\bin;C:\ProgramData\Oracle\Java\javapath;C:\Program Files\Java\jre8\bin\;C:\Program Files (x86)\NVIDIA Corporation\PhysX\Common;C:\Program Files (x86)\Intel\iCLS Client\;C:\Program Files\Intel\iCLS Client\;C:\Python34\;C:\Python34\Scripts;C:\Windows\system32;C:\Windows;C:\Windows\System32\Wbem;C:\Windows\System32\WindowsPowerShell\v1.0\;C:\Program Files (x86)\Windows Kits\8.1\Windows Performance Toolkit\;C:\Program Files\Microsoft SQL Server\110\Tools\Binn\;C:\Program Files\Intel\Intel(R) Management Engine Components\DAL;C:\Program Files (x86)\Intel\Intel(R) Management Engine Components\DAL;C:\Program Files\Intel\Intel(R) Management Engine Components\IPT;C:\Program Files (x86)\Intel\Intel(R) Management Engine Components\IPT;C:\Program Files\TortoiseHg\;C:\Program Files\Microsoft SQL Server\Client SDK\ODBC\110\Tools\Binn\;C:\Program Files (x86)\Microsoft SQL Server\120\Tools\Binn\ManagementStudio\;C:\Program Files (x86)\Microsoft SQL Server\120\Tools\Binn\;C:\Program Files\Microsoft SQL Server\120\Tools\Binn\;C:\Program Files (x86)\Microsoft SQL Server\120\DTS\Binn\;C:\Program Files\Microsoft SQL Server\120\DTS\Binn\;C:\Users\emckenzie\.dnx\bin;C:\Program Files\Microsoft DNX\Dnvm\;C:\Program Files\Microsoft SQL Server\130\Tools\Binn\;c:\Program Files (x86)\Microsoft SQL Server\100\Tools\Binn\;c:\Program Files\Microsoft SQL Server\100\Tools\Binn\;c:\Program Files\Microsoft SQL Server\100\DTS\Binn\;C:\Users\emckenzie\AppData\Roaming\npm;C:\Program Files\nodejs\;C:\Program Files\Git\cmd;C:\Program Files (x86)\Microsoft VS Code\bin;C:\Users\emckenzie\AppData\Roaming\npm
10 verbose lifecycle discord-guildrank-bot@0.0.1~bot: CWD: C:\Users\emckenzie\Documents\DiscordBotCustom
11 silly lifecycle discord-guildrank-bot@0.0.1~bot: Args: [ '/d /s /c', 'node ./lib/index.js' ]
12 silly lifecycle discord-guildrank-bot@0.0.1~bot: Returned: code: 1  signal: null
13 info lifecycle discord-guildrank-bot@0.0.1~bot: Failed to exec bot script
14 verbose stack Error: discord-guildrank-bot@0.0.1 bot: `node ./lib/index.js`
14 verbose stack Exit status 1
14 verbose stack     at EventEmitter.<anonymous> (C:\Users\emckenzie\AppData\Roaming\npm\node_modules\npm\lib\utils\lifecycle.js:279:16)
14 verbose stack     at emitTwo (events.js:106:13)
14 verbose stack     at EventEmitter.emit (events.js:192:7)
14 verbose stack     at ChildProcess.<anonymous> (C:\Users\emckenzie\AppData\Roaming\npm\node_modules\npm\lib\utils\spawn.js:40:14)
14 verbose stack     at emitTwo (events.js:106:13)
14 verbose stack     at ChildProcess.emit (events.js:192:7)
14 verbose stack     at maybeClose (internal/child_process.js:890:16)
14 verbose stack     at Process.ChildProcess._handle.onexit (internal/child_process.js:226:5)
15 verbose pkgid discord-guildrank-bot@0.0.1
16 verbose cwd C:\Users\emckenzie\Documents\DiscordBotCustom
17 error Windows_NT 6.3.9600
18 error argv "C:\\Program Files\\nodejs\\node.exe" "C:\\Users\\emckenzie\\AppData\\Roaming\\npm\\node_modules\\npm\\bin\\npm-cli.js" "run" "bot"
19 error node v7.5.0
20 error npm  v4.1.2
21 error code ELIFECYCLE
22 error discord-guildrank-bot@0.0.1 bot: `node ./lib/index.js`
22 error Exit status 1
23 error Failed at the discord-guildrank-bot@0.0.1 bot script 'node ./lib/index.js'.
23 error Make sure you have the latest version of node.js and npm installed.
23 error If you do, this is most likely a problem with the discord-guildrank-bot package,
23 error not with npm itself.
23 error Tell the author that this fails on your system:
23 error     node ./lib/index.js
23 error You can get information on how to open an issue for this project with:
23 error     npm bugs discord-guildrank-bot
23 error Or if that isn't available, you can get their info via:
23 error     npm owner ls discord-guildrank-bot
23 error There is likely additional logging output above.
24 verbose exit [ 1, true ]
